#
# A fatal error has been detected by the Java Runtime Environment:
#
#  SIGSEGV (0xb) at pc=0x00000001096a38f3, pid=2679, tid=0x0000000000002c03
#
# JRE version: Java(TM) SE Runtime Environment (8.0_261-b12) (build 1.8.0_261-b12)
# Java VM: Java HotSpot(TM) 64-Bit Server VM (25.261-b12 mixed mode bsd-amd64 compressed oops)
# Problematic frame:
# V  [libjvm.dylib+0x2a38f3]
#
# Failed to write core dump. Core dumps have been disabled. To enable core dumping, try "ulimit -c unlimited" before starting Java again
#
# If you would like to submit a bug report, please visit:
#   http://bugreport.java.com/bugreport/crash.jsp
#

---------------  T H R E A D  ---------------

Current thread (0x00007fe2bf00e800):  VMThread [stack: 0x00007000090f0000,0x00007000091f0000] [id=11267]

siginfo: si_signo: 11 (SIGSEGV), si_code: 0 (unknown), si_addr: 0x0000000000000000

Registers:
RAX=0x63652f67726f203a, RBX=0x00007fe2bf00e800, RCX=0x0000000800000000, RDX=0x00007fe2bf00e800
RSP=0x00007000091ef240, RBP=0x00007000091ef290, RSI=0x63652f67726f203a, RDI=0x00000007c00016d0
R8 =0x0000000000000000, R9 =0x0000000000000000, R10=0x0000000000000000, R11=0x00000001099eb0c9
R12=0x0000000000000003, R13=0x00000007c00016d0, R14=0x0000000000000003, R15=0x0000000109b1e7d9
RIP=0x00000001096a38f3, EFLAGS=0x0000000000010202, ERR=0x0000000000000000
  TRAPNO=0x000000000000000d

Top of Stack: (sp=0x00007000091ef240)
0x00007000091ef240:   0000000000000000 00007fe2bf00e800
0x00007000091ef250:   0000000000000000 1000003100000000
0x00007000091ef260:   0000000000000000 00007fe2bf00e800
0x00007000091ef270:   00007000091ef400 00007fe2bf00e800
0x00007000091ef280:   000000000000004c 000000000000004c
0x00007000091ef290:   00007000091ef2c0 00000001096d4e5b
0x00007000091ef2a0:   00007fe2bf00e800 00007000091ef400
0x00007000091ef2b0:   0000000000000000 000000000000004c
0x00007000091ef2c0:   00007000091ef2f0 00000001096d4fe2
0x00007000091ef2d0:   0000000000000000 00007fe2bf00e808
0x00007000091ef2e0:   0000000000000000 00007000091ef400
0x00007000091ef2f0:   00007000091ef3d0 000000010962f03e
0x00007000091ef300:   00007000091ef878 0000000000000000
0x00007000091ef310:   0000000000000000 00007fe2c1033160
0x00007000091ef320:   0000000000000000 0000000795b5b4c8
0x00007000091ef330:   0000000795b5b090 00000001099eb0ca
0x00007000091ef340:   00007fe2bef0b7f0 000000002fffffff
0x00007000091ef350:   00000001099cbcbe 0000000000000010
0x00007000091ef360:   00007fe2bec17fe0 0100000795b593f0
0x00007000091ef370:   00007000091ef3c0 00000001097e7b8f
0x00007000091ef380:   00007000091ef330 00007000091ef371
0x00007000091ef390:   0000000800000000 00007fe2bef0b700
0x00007000091ef3a0:   8b585fabbd0e0056 00007000091ef878
0x00007000091ef3b0:   0000000000000000 00007000091ef878
0x00007000091ef3c0:   00007000091ef400 00000001099eaff2
0x00007000091ef3d0:   00007000091ef3f0 000000010962f856
0x00007000091ef3e0:   0000700000000000 8b585fabbd0e0056
0x00007000091ef3f0:   00007000091ef620 0000000109671c44
0x00007000091ef400:   206c6167656c6c49 6966207373616c63
0x00007000091ef410:   756f636e6520656c 202e64657265746e
0x00007000091ef420:   6e6e757220797254 6874697720676e69
0x00007000091ef430:   6669726576582d20 6e69206c6c613a79 

Instructions: (pc=0x00000001096a38f3)
0x00000001096a38d3:   48 83 7b 08 00 0f 85 f5 00 00 00 44 89 7d cc 48
0x00000001096a38e3:   89 5d b8 4c 8d 3d ec ae 47 00 41 80 3f 00 74 07
0x00000001096a38f3:   c7 46 0c 00 00 00 00 41 83 fc 02 74 1a 48 89 f7
0x00000001096a3903:   48 83 c7 10 48 89 f3 4a 8d 34 f5 f0 ff ff ff e8 

Register to memory mapping:

RAX=0x63652f67726f203a is an unknown value
RBX=0x00007fe2bf00e800 is an unknown value
RCX=0x0000000800000000 is an unknown value
RDX=0x00007fe2bf00e800 is an unknown value
RSP=0x00007000091ef240 is an unknown value
RBP=0x00007000091ef290 is an unknown value
RSI=0x63652f67726f203a is an unknown value
RDI=0x00000007c00016d0 is pointing into metadata
R8 =0x0000000000000000 is an unknown value
R9 =0x0000000000000000 is an unknown value
R10=0x0000000000000000 is an unknown value
R11=0x00000001099eb0c9: _ZL18hsdis_library_name+0x82a2 in /Library/Java/JavaVirtualMachines/jdk1.8.0_261.jdk/Contents/Home/jre/lib/server/libjvm.dylib at 0x0000000109400000
R12=0x0000000000000003 is an unknown value
R13=0x00000007c00016d0 is pointing into metadata
R14=0x0000000000000003 is an unknown value
R15=0x0000000109b1e7d9: UseCompressedClassPointers+0 in /Library/Java/JavaVirtualMachines/jdk1.8.0_261.jdk/Contents/Home/jre/lib/server/libjvm.dylib at 0x0000000109400000


Stack: [0x00007000090f0000,0x00007000091f0000],  sp=0x00007000091ef240,  free space=1020k
Native frames: (J=compiled Java code, j=interpreted, Vv=VM code, C=native code)
V  [libjvm.dylib+0x2a38f3]
V  [libjvm.dylib+0x2d4e5b]
V  [libjvm.dylib+0x2d4fe2]
V  [libjvm.dylib+0x22f03e]
V  [libjvm.dylib+0x22f856]
V  [libjvm.dylib+0x271c44]
V  [libjvm.dylib+0x273d66]
V  [libjvm.dylib+0x27265f]
V  [libjvm.dylib+0x272264]
V  [libjvm.dylib+0x271e0d]
V  [libjvm.dylib+0x274886]
V  [libjvm.dylib+0x488a51]
V  [libjvm.dylib+0x489395]
V  [libjvm.dylib+0x489f44]
V  [libjvm.dylib+0x489b38]
V  [libjvm.dylib+0x2a4044]
V  [libjvm.dylib+0x452ba4]
V  [libjvm.dylib+0x39ce83]
V  [libjvm.dylib+0x5b1918]
V  [libjvm.dylib+0x5b0eb2]
V  [libjvm.dylib+0x5b090e]
V  [libjvm.dylib+0x5b0742]
V  [libjvm.dylib+0x48e895]
C  [libsystem_pthread.dylib+0x6109]  _pthread_start+0x94
C  [libsystem_pthread.dylib+0x1b8b]  thread_start+0xf

VM_Operation (0x0000700009701a88): GetOrSetLocal, mode: safepoint, requested by thread 0x00007fe2bf04c000


---------------  P R O C E S S  ---------------

Java Threads: ( => current thread )
  0x00007fe2c0869800 JavaThread "Service Thread" daemon [_thread_blocked, id=15107, stack(0x0000700009c14000,0x0000700009d14000)]
  0x00007fe2c0815000 JavaThread "C1 CompilerThread2" daemon [_thread_blocked, id=14595, stack(0x0000700009b11000,0x0000700009c11000)]
  0x00007fe2c000f800 JavaThread "C2 CompilerThread1" daemon [_thread_blocked, id=14083, stack(0x0000700009a0e000,0x0000700009b0e000)]
  0x00007fe2bf877800 JavaThread "C2 CompilerThread0" daemon [_thread_blocked, id=13827, stack(0x000070000990b000,0x0000700009a0b000)]
  0x00007fe2bf04d000 JavaThread "JDWP Command Reader" daemon [_thread_in_native, id=13571, stack(0x0000700009808000,0x0000700009908000)]
  0x00007fe2bf84c000 JavaThread "JDWP Event Helper Thread" daemon [_thread_blocked, id=17667, stack(0x0000700009705000,0x0000700009805000)]
  0x00007fe2bf04c000 JavaThread "JDWP Transport Listener: dt_socket" daemon [_thread_blocked, id=17927, stack(0x0000700009602000,0x0000700009702000)]
  0x00007fe2bf04b000 JavaThread "Signal Dispatcher" daemon [_thread_blocked, id=18179, stack(0x00007000094ff000,0x00007000095ff000)]
  0x00007fe2bf829000 JavaThread "Finalizer" daemon [_thread_blocked, id=11523, stack(0x00007000092f6000,0x00007000093f6000)]
  0x00007fe2bf03b000 JavaThread "Reference Handler" daemon [_thread_blocked, id=21251, stack(0x00007000091f3000,0x00007000092f3000)]
  0x00007fe2c0809000 JavaThread "main" [_thread_blocked, id=3075, stack(0x0000700008be1000,0x0000700008ce1000)]

Other Threads:
=>0x00007fe2bf00e800 VMThread [stack: 0x00007000090f0000,0x00007000091f0000] [id=11267]
  0x00007fe2c0882800 WatcherThread [stack: 0x0000700009d17000,0x0000700009e17000] [id=15619]

VM state:at safepoint (normal execution)

VM Mutex/Monitor currently owned by a thread:  ([mutex/lock_event])
[0x00007fe2bec10650] Threads_lock - owner thread: 0x00007fe2bf00e800

heap address: 0x0000000740000000, size: 2048 MB, Compressed Oops mode: Zero based, Oop shift amount: 3
Narrow klass base: 0x0000000000000000, Narrow klass shift: 3
Compressed class space size: 1073741824 Address: 0x00000007c0000000

Heap:
 PSYoungGen      total 38400K, used 6709K [0x0000000795580000, 0x0000000798000000, 0x00000007c0000000)
  eden space 33280K, 20% used [0x0000000795580000,0x0000000795c0d5e8,0x0000000797600000)
  from space 5120K, 0% used [0x0000000797b00000,0x0000000797b00000,0x0000000798000000)
  to   space 5120K, 0% used [0x0000000797600000,0x0000000797600000,0x0000000797b00000)
 ParOldGen       total 87552K, used 0K [0x0000000740000000, 0x0000000745580000, 0x0000000795580000)
  object space 87552K, 0% used [0x0000000740000000,0x0000000740000000,0x0000000745580000)
 Metaspace       used 5516K, capacity 5586K, committed 5760K, reserved 1056768K
  class space    used 590K, capacity 625K, committed 640K, reserved 1048576K

Card table byte_map: [0x000000010a5cc000,0x000000010a9cd000] byte_map_base: 0x0000000106bcc000

Marking Bits: (ParMarkBitMap*) 0x0000000109b28748
 Begin Bits: [0x000000010ac78000, 0x000000010cc78000)
 End Bits:   [0x000000010cc78000, 0x000000010ec78000)

Polling page: 0x0000000108aae000

CodeCache: size=245760Kb used=1415Kb max_used=1415Kb free=244344Kb
 bounds [0x0000000110c26000, 0x0000000110e96000, 0x000000011fc26000]
 total_blobs=429 nmethods=138 adapters=213
 compilation: enabled

Compilation events (10 events):
Event: 74.764 Thread 0x00007fe2c0815000  134       3       org.eclipse.jdt.launching.internal.org.objectweb.asm.ClassReader::readUnsignedShort (26 bytes)
Event: 74.764 Thread 0x00007fe2c0815000 nmethod 134 0x0000000110d86990 code [0x0000000110d86b00, 0x0000000110d86cb0]
Event: 417.645 Thread 0x00007fe2c0815000  135       3       org.eclipse.jdt.launching.internal.org.objectweb.asm.ClassReader::readUtf (44 bytes)
Event: 417.646 Thread 0x00007fe2c0815000 nmethod 135 0x0000000110d86dd0 code [0x0000000110d86f60, 0x0000000110d87408]
Event: 417.646 Thread 0x00007fe2c0815000  136       3       org.eclipse.jdt.launching.internal.org.objectweb.asm.ClassReader::getItem (7 bytes)
Event: 417.646 Thread 0x00007fe2c0815000 nmethod 136 0x0000000110d87790 code [0x0000000110d87900, 0x0000000110d87a70]
Event: 749.602 Thread 0x00007fe2c0815000  137       3       org.eclipse.jdt.launching.internal.org.objectweb.asm.Symbol::<init> (38 bytes)
Event: 749.603 Thread 0x00007fe2c0815000 nmethod 137 0x0000000110d87b50 code [0x0000000110d87cc0, 0x0000000110d87ed0]
Event: 749.603 Thread 0x00007fe2c0815000  138       3       org.eclipse.jdt.launching.internal.org.objectweb.asm.SymbolTable::add (39 bytes)
Event: 749.603 Thread 0x00007fe2c0815000 nmethod 138 0x0000000110d87f90 code [0x0000000110d88100, 0x0000000110d88410]

GC Heap History (0 events):
No events

Deoptimization events (0 events):
No events

Classes redefined (3 events):
Event: 74.765 Thread 0x00007fe2bf00e800 redefined class name=com.classes.ControlstructuresDemo, count=1
Event: 417.647 Thread 0x00007fe2bf00e800 redefined class name=com.classes.ControlstructuresDemo, count=2
Event: 749.603 Thread 0x00007fe2bf00e800 redefined class name=com.classes.ControlstructuresDemo, count=3

Internal exceptions (6 events):
Event: 0.037 Thread 0x00007fe2c0809000 Exception <a 'java/lang/NoSuchMethodError': Method sun.misc.Unsafe.defineClass(Ljava/lang/String;[BII)Ljava/lang/Class; name or signature does not match> (0x0000000795587cc0) thrown at [/jenkins/workspace/8-2-build-macosx-x86_64/jdk8u261/295/hotspot/src/s
Event: 0.037 Thread 0x00007fe2c0809000 Exception <a 'java/lang/NoSuchMethodError': Method sun.misc.Unsafe.prefetchRead(Ljava/lang/Object;J)V name or signature does not match> (0x0000000795587fa8) thrown at [/jenkins/workspace/8-2-build-macosx-x86_64/jdk8u261/295/hotspot/src/share/vm/prims/jni.
Event: 0.415 Thread 0x00007fe2c0809000 Exception <a 'java/security/PrivilegedActionException'> (0x0000000795b90eb0) thrown at [/jenkins/workspace/8-2-build-macosx-x86_64/jdk8u261/295/hotspot/src/share/vm/prims/jvm.cpp, line 1512]
Event: 0.415 Thread 0x00007fe2c0809000 Exception <a 'java/security/PrivilegedActionException'> (0x0000000795b912a8) thrown at [/jenkins/workspace/8-2-build-macosx-x86_64/jdk8u261/295/hotspot/src/share/vm/prims/jvm.cpp, line 1512]
Event: 0.415 Thread 0x00007fe2c0809000 Exception <a 'java/security/PrivilegedActionException'> (0x0000000795b947c0) thrown at [/jenkins/workspace/8-2-build-macosx-x86_64/jdk8u261/295/hotspot/src/share/vm/prims/jvm.cpp, line 1512]
Event: 0.415 Thread 0x00007fe2c0809000 Exception <a 'java/security/PrivilegedActionException'> (0x0000000795b94bb8) thrown at [/jenkins/workspace/8-2-build-macosx-x86_64/jdk8u261/295/hotspot/src/share/vm/prims/jvm.cpp, line 1512]

Events (10 events):
Event: 749.765 Executing VM operation: GetOwnedMonitorInfo done
Event: 750.016 Executing VM operation: GetOwnedMonitorInfo
Event: 750.016 Executing VM operation: GetOwnedMonitorInfo done
Event: 750.016 Executing VM operation: GetCurrentContendedMonitor
Event: 750.016 Executing VM operation: GetCurrentContendedMonitor done
Event: 750.459 Executing VM operation: GetCurrentContendedMonitor
Event: 750.459 Executing VM operation: GetCurrentContendedMonitor done
Event: 750.459 Executing VM operation: GetOwnedMonitorInfo
Event: 750.460 Executing VM operation: GetOwnedMonitorInfo done
Event: 753.117 Executing VM operation: GetOrSetLocal


Dynamic libraries:
0x00007fff33ab2000 	/System/Library/Frameworks/Cocoa.framework/Versions/A/Cocoa
0x00007fff412a7000 	/System/Library/Frameworks/Security.framework/Versions/A/Security
0x00007fff32a17000 	/System/Library/Frameworks/ApplicationServices.framework/Versions/A/ApplicationServices
0x00007fff6ddca000 	/usr/lib/libz.1.dylib
0x00007fff6b88e000 	/usr/lib/libSystem.B.dylib
0x00007fff34954000 	/System/Library/Frameworks/CoreFoundation.framework/Versions/A/CoreFoundation
0x00007fff37011000 	/System/Library/Frameworks/Foundation.framework/Versions/C/Foundation
0x00007fff6d6ee000 	/usr/lib/libobjc.A.dylib
0x00007fff31c07000 	/System/Library/Frameworks/AppKit.framework/Versions/C/AppKit
0x00007fff34436000 	/System/Library/Frameworks/CoreData.framework/Versions/A/CoreData
0x00007fff658a4000 	/System/Library/PrivateFrameworks/UIFoundation.framework/Versions/A/UIFoundation
0x00007fff60938000 	/System/Library/PrivateFrameworks/RemoteViewServices.framework/Versions/A/RemoteViewServices
0x00007fff683fe000 	/System/Library/PrivateFrameworks/XCTTargetBootstrap.framework/Versions/A/XCTTargetBootstrap
0x00007fff34821000 	/System/Library/Frameworks/CoreDisplay.framework/Versions/A/CoreDisplay
0x00007fff39ecb000 	/System/Library/Frameworks/Metal.framework/Versions/A/Metal
0x00007fff4e93b000 	/System/Library/PrivateFrameworks/DesktopServicesPriv.framework/Versions/A/DesktopServicesPriv
0x00007fff6c9c9000 	/usr/lib/liblangid.dylib
0x00007fff4dbd0000 	/System/Library/PrivateFrameworks/CoreSVG.framework/Versions/A/CoreSVG
0x00007fff63a94000 	/System/Library/PrivateFrameworks/SkyLight.framework/Versions/A/SkyLight
0x00007fff34dd5000 	/System/Library/Frameworks/CoreGraphics.framework/Versions/A/CoreGraphics
0x00007fff305db000 	/System/Library/Frameworks/Accelerate.framework/Versions/A/Accelerate
0x00007fff6dcbb000 	/usr/lib/libxml2.2.dylib
0x00007fff598c3000 	/System/Library/PrivateFrameworks/IconServices.framework/Versions/A/IconServices
0x00007fff377f0000 	/System/Library/Frameworks/IOSurface.framework/Versions/A/IOSurface
0x00007fff6b3b8000 	/usr/lib/libDiagnosticMessagesClient.dylib
0x00007fff4e795000 	/System/Library/PrivateFrameworks/DFRFoundation.framework/Versions/A/DFRFoundation
0x00007fff6c758000 	/usr/lib/libicucore.A.dylib
0x00007fff32d49000 	/System/Library/Frameworks/AudioToolbox.framework/Versions/A/AudioToolbox
0x00007fff32e2c000 	/System/Library/Frameworks/AudioUnit.framework/Versions/A/AudioUnit
0x00007fff6ba90000 	/usr/lib/libauto.dylib
0x00007fff4e837000 	/System/Library/PrivateFrameworks/DataDetectorsCore.framework/Versions/A/DataDetectorsCore
0x00007fff335d3000 	/System/Library/Frameworks/Carbon.framework/Versions/A/Frameworks/HIToolbox.framework/Versions/A/HIToolbox
0x00007fff404a3000 	/System/Library/Frameworks/QuartzCore.framework/Versions/A/QuartzCore
0x00007fff33912000 	/System/Library/Frameworks/Carbon.framework/Versions/A/Frameworks/SpeechRecognition.framework/Versions/A/SpeechRecognition
0x00007fff4e2a9000 	/System/Library/PrivateFrameworks/CoreUI.framework/Versions/A/CoreUI
0x00007fff33ea1000 	/System/Library/Frameworks/CoreAudio.framework/Versions/A/CoreAudio
0x00007fff36cd0000 	/System/Library/Frameworks/DiskArbitration.framework/Versions/A/DiskArbitration
0x00007fff5b913000 	/System/Library/PrivateFrameworks/MultitouchSupport.framework/Versions/A/MultitouchSupport
0x00007fff6c61f000 	/usr/lib/libenergytrace.dylib
0x00007fff3774a000 	/System/Library/Frameworks/IOKit.framework/Versions/A/IOKit
0x00007fff35d3c000 	/System/Library/Frameworks/CoreServices.framework/Versions/A/CoreServices
0x00007fff5dacb000 	/System/Library/PrivateFrameworks/PerformanceAnalysis.framework/Versions/A/PerformanceAnalysis
0x00007fff3f4d6000 	/System/Library/Frameworks/OpenGL.framework/Versions/A/OpenGL
0x00007fff33ac0000 	/System/Library/Frameworks/ColorSync.framework/Versions/A/ColorSync
0x00007fff35458000 	/System/Library/Frameworks/CoreImage.framework/Versions/A/CoreImage
0x00007fff367af000 	/System/Library/Frameworks/CoreText.framework/Versions/A/CoreText
0x00007fff37880000 	/System/Library/Frameworks/ImageIO.framework/Versions/A/ImageIO
0x00007fff6bb74000 	/usr/lib/libc++.1.dylib
0x00007fff6bbf0000 	/usr/lib/libcompression.dylib
0x00007fff6b6fc000 	/usr/lib/libMobileGestalt.dylib
0x00007fff6560e000 	/System/Library/PrivateFrameworks/TextureIO.framework/Versions/A/TextureIO
0x00007fff6b9f3000 	/usr/lib/libate.dylib
0x00007fff59acc000 	/System/Library/PrivateFrameworks/InternationalSupport.framework/Versions/A/InternationalSupport
0x00007fff6e68b000 	/usr/lib/system/libcache.dylib
0x00007fff6e691000 	/usr/lib/system/libcommonCrypto.dylib
0x00007fff6e69d000 	/usr/lib/system/libcompiler_rt.dylib
0x00007fff6e6a5000 	/usr/lib/system/libcopyfile.dylib
0x00007fff6e6af000 	/usr/lib/system/libcorecrypto.dylib
0x00007fff6e84e000 	/usr/lib/system/libdispatch.dylib
0x00007fff6e88f000 	/usr/lib/system/libdyld.dylib
0x00007fff6e8c6000 	/usr/lib/system/libkeymgr.dylib
0x00007fff6e8d4000 	/usr/lib/system/liblaunch.dylib
0x00007fff6e8d5000 	/usr/lib/system/libmacho.dylib
0x00007fff6e8db000 	/usr/lib/system/libquarantine.dylib
0x00007fff6e8de000 	/usr/lib/system/libremovefile.dylib
0x00007fff6e8e0000 	/usr/lib/system/libsystem_asl.dylib
0x00007fff6e8f8000 	/usr/lib/system/libsystem_blocks.dylib
0x00007fff6e8f9000 	/usr/lib/system/libsystem_c.dylib
0x00007fff6e981000 	/usr/lib/system/libsystem_configuration.dylib
0x00007fff6e985000 	/usr/lib/system/libsystem_coreservices.dylib
0x00007fff6e989000 	/usr/lib/system/libsystem_darwin.dylib
0x00007fff6e992000 	/usr/lib/system/libsystem_dnssd.dylib
0x00007fff6e99a000 	/usr/lib/system/libsystem_featureflags.dylib
0x00007fff6e99c000 	/usr/lib/system/libsystem_info.dylib
0x00007fff6ea17000 	/usr/lib/system/libsystem_m.dylib
0x00007fff6ea5f000 	/usr/lib/system/libsystem_malloc.dylib
0x00007fff6ea87000 	/usr/lib/system/libsystem_networkextension.dylib
0x00007fff6ea95000 	/usr/lib/system/libsystem_notify.dylib
0x00007fff6eab3000 	/usr/lib/system/libsystem_sandbox.dylib
0x00007fff6eab8000 	/usr/lib/system/libsystem_secinit.dylib
0x00007fff6e9ea000 	/usr/lib/system/libsystem_kernel.dylib
0x00007fff6ea9f000 	/usr/lib/system/libsystem_platform.dylib
0x00007fff6eaa8000 	/usr/lib/system/libsystem_pthread.dylib
0x00007fff6eabb000 	/usr/lib/system/libsystem_symptoms.dylib
0x00007fff6eac3000 	/usr/lib/system/libsystem_trace.dylib
0x00007fff6eadb000 	/usr/lib/system/libunwind.dylib
0x00007fff6eae1000 	/usr/lib/system/libxpc.dylib
0x00007fff6bbc7000 	/usr/lib/libc++abi.dylib
0x00007fff6c9cb000 	/usr/lib/liblzma.5.dylib
0x00007fff6c646000 	/usr/lib/libfakelink.dylib
0x00007fff6b980000 	/usr/lib/libarchive.2.dylib
0x00007fff42358000 	/System/Library/Frameworks/SystemConfiguration.framework/Versions/A/SystemConfiguration
0x00007fff6b2eb000 	/usr/lib/libCRFSuite.dylib
0x00007fff331c3000 	/System/Library/Frameworks/CFNetwork.framework/Versions/A/CFNetwork
0x00007fff6bb56000 	/usr/lib/libbsm.0.dylib
0x00007fff6e8c7000 	/usr/lib/system/libkxld.dylib
0x00007fff48112000 	/System/Library/PrivateFrameworks/AppleFSCompression.framework/Versions/A/AppleFSCompression
0x00007fff6bee1000 	/usr/lib/libcoretls.dylib
0x00007fff6bef8000 	/usr/lib/libcoretls_cfhelpers.dylib
0x00007fff6d734000 	/usr/lib/libpam.2.dylib
0x00007fff6d869000 	/usr/lib/libsqlite3.dylib
0x00007fff6dca8000 	/usr/lib/libxar.1.dylib
0x00007fff6bb67000 	/usr/lib/libbz2.1.0.dylib
0x00007fff6c667000 	/usr/lib/libiconv.2.dylib
0x00007fff6bbdd000 	/usr/lib/libcharset.1.dylib
0x00007fff6d1d1000 	/usr/lib/libnetwork.dylib
0x00007fff6d73b000 	/usr/lib/libpcap.A.dylib
0x00007fff6b935000 	/usr/lib/libapple_nghttp2.dylib
0x00007fff360f3000 	/System/Library/Frameworks/CoreServices.framework/Versions/A/Frameworks/FSEvents.framework/Versions/A/FSEvents
0x00007fff35dc3000 	/System/Library/Frameworks/CoreServices.framework/Versions/A/Frameworks/CarbonCore.framework/Versions/A/CarbonCore
0x00007fff36337000 	/System/Library/Frameworks/CoreServices.framework/Versions/A/Frameworks/Metadata.framework/Versions/A/Metadata
0x00007fff363d0000 	/System/Library/Frameworks/CoreServices.framework/Versions/A/Frameworks/OSServices.framework/Versions/A/OSServices
0x00007fff363fe000 	/System/Library/Frameworks/CoreServices.framework/Versions/A/Frameworks/SearchKit.framework/Versions/A/SearchKit
0x00007fff35d3d000 	/System/Library/Frameworks/CoreServices.framework/Versions/A/Frameworks/AE.framework/Versions/A/AE
0x00007fff360fc000 	/System/Library/Frameworks/CoreServices.framework/Versions/A/Frameworks/LaunchServices.framework/Versions/A/LaunchServices
0x00007fff360a5000 	/System/Library/Frameworks/CoreServices.framework/Versions/A/Frameworks/DictionaryServices.framework/Versions/A/DictionaryServices
0x00007fff36466000 	/System/Library/Frameworks/CoreServices.framework/Versions/A/Frameworks/SharedFileList.framework/Versions/A/SharedFileList
0x00007fff3b2f5000 	/System/Library/Frameworks/NetFS.framework/Versions/A/NetFS
0x00007fff5be43000 	/System/Library/PrivateFrameworks/NetAuth.framework/Versions/A/NetAuth
0x00007fff687cb000 	/System/Library/PrivateFrameworks/login.framework/Versions/A/Frameworks/loginsupport.framework/Versions/A/loginsupport
0x00007fff650d9000 	/System/Library/PrivateFrameworks/TCC.framework/Versions/A/TCC
0x00007fff4cd43000 	/System/Library/PrivateFrameworks/CoreNLP.framework/Versions/A/CoreNLP
0x00007fff5b340000 	/System/Library/PrivateFrameworks/MetadataUtilities.framework/Versions/A/MetadataUtilities
0x00007fff6caa3000 	/usr/lib/libmecabra.dylib
0x00007fff6c9fb000 	/usr/lib/libmecab.dylib
0x00007fff6c657000 	/usr/lib/libgermantok.dylib
0x00007fff6b91c000 	/usr/lib/libThaiTokenizer.dylib
0x00007fff6b322000 	/usr/lib/libChineseTokenizer.dylib
0x00007fff305f3000 	/System/Library/Frameworks/Accelerate.framework/Versions/A/Frameworks/vImage.framework/Versions/A/vImage
0x00007fff31a5d000 	/System/Library/Frameworks/Accelerate.framework/Versions/A/Frameworks/vecLib.framework/Versions/A/vecLib
0x00007fff3199a000 	/System/Library/Frameworks/Accelerate.framework/Versions/A/Frameworks/vecLib.framework/Versions/A/libvMisc.dylib
0x00007fff317c2000 	/System/Library/Frameworks/Accelerate.framework/Versions/A/Frameworks/vecLib.framework/Versions/A/libvDSP.dylib
0x00007fff30c4a000 	/System/Library/Frameworks/Accelerate.framework/Versions/A/Frameworks/vecLib.framework/Versions/A/libBLAS.dylib
0x00007fff31386000 	/System/Library/Frameworks/Accelerate.framework/Versions/A/Frameworks/vecLib.framework/Versions/A/libLAPACK.dylib
0x00007fff31722000 	/System/Library/Frameworks/Accelerate.framework/Versions/A/Frameworks/vecLib.framework/Versions/A/libLinearAlgebra.dylib
0x00007fff317af000 	/System/Library/Frameworks/Accelerate.framework/Versions/A/Frameworks/vecLib.framework/Versions/A/libSparseBLAS.dylib
0x00007fff31738000 	/System/Library/Frameworks/Accelerate.framework/Versions/A/Frameworks/vecLib.framework/Versions/A/libQuadrature.dylib
0x00007fff30eb2000 	/System/Library/Frameworks/Accelerate.framework/Versions/A/Frameworks/vecLib.framework/Versions/A/libBNNS.dylib
0x00007fff3173e000 	/System/Library/Frameworks/Accelerate.framework/Versions/A/Frameworks/vecLib.framework/Versions/A/libSparse.dylib
0x00007fff59eb4000 	/System/Library/PrivateFrameworks/LanguageModeling.framework/Versions/A/LanguageModeling
0x00007fff4c6f3000 	/System/Library/PrivateFrameworks/CoreEmoji.framework/Versions/A/CoreEmoji
0x00007fff59fd2000 	/System/Library/PrivateFrameworks/LinguisticData.framework/Versions/A/LinguisticData
0x00007fff59f83000 	/System/Library/PrivateFrameworks/Lexicon.framework/Versions/A/Lexicon
0x00007fff6bbde000 	/usr/lib/libcmph.dylib
0x00007fff3dee4000 	/System/Library/Frameworks/OpenDirectory.framework/Versions/A/Frameworks/CFOpenDirectory.framework/Versions/A/CFOpenDirectory
0x00007fff3df01000 	/System/Library/Frameworks/OpenDirectory.framework/Versions/A/OpenDirectory
0x00007fff46342000 	/System/Library/PrivateFrameworks/APFS.framework/Versions/A/APFS
0x00007fff415f1000 	/System/Library/Frameworks/SecurityFoundation.framework/Versions/A/SecurityFoundation
0x00007fff6dca4000 	/usr/lib/libutil.dylib
0x00007fff4dc28000 	/System/Library/PrivateFrameworks/CoreServicesStore.framework/Versions/A/CoreServicesStore
0x00007fff416a8000 	/System/Library/Frameworks/ServiceManagement.framework/Versions/A/ServiceManagement
0x00007fff498e2000 	/System/Library/PrivateFrameworks/BackgroundTaskManagement.framework/Versions/A/BackgroundTaskManagement
0x00007fff6dda1000 	/usr/lib/libxslt.1.dylib
0x00007fff48785000 	/System/Library/PrivateFrameworks/AppleSystemInfo.framework/Versions/A/AppleSystemInfo
0x00007fff37a9b000 	/System/Library/Frameworks/ImageIO.framework/Versions/A/Resources/libJPEG.dylib
0x00007fff37d59000 	/System/Library/Frameworks/ImageIO.framework/Versions/A/Resources/libTIFF.dylib
0x00007fff37d3c000 	/System/Library/Frameworks/ImageIO.framework/Versions/A/Resources/libPng.dylib
0x00007fff379dd000 	/System/Library/Frameworks/ImageIO.framework/Versions/A/Resources/libGIF.dylib
0x00007fff379e1000 	/System/Library/Frameworks/ImageIO.framework/Versions/A/Resources/libJP2.dylib
0x00007fff37d57000 	/System/Library/Frameworks/ImageIO.framework/Versions/A/Resources/libRadiance.dylib
0x00007fff6c620000 	/usr/lib/libexpat.1.dylib
0x00007fff4826d000 	/System/Library/PrivateFrameworks/AppleJPEG.framework/Versions/A/AppleJPEG
0x00007fff50f28000 	/System/Library/PrivateFrameworks/FontServices.framework/libFontParser.dylib
0x00007fff677cd000 	/System/Library/PrivateFrameworks/WatchdogClient.framework/Versions/A/WatchdogClient
0x00007fff5950f000 	/System/Library/PrivateFrameworks/IOAccelerator.framework/Versions/A/IOAccelerator
0x00007fff3a266000 	/System/Library/Frameworks/MetalPerformanceShaders.framework/Versions/A/MetalPerformanceShaders
0x00007fff55ca5000 	/System/Library/PrivateFrameworks/GPUWrangler.framework/Versions/A/GPUWrangler
0x00007fff59524000 	/System/Library/PrivateFrameworks/IOPresentment.framework/Versions/A/IOPresentment
0x00007fff4e7a8000 	/System/Library/PrivateFrameworks/DSExternalDisplay.framework/Versions/A/DSExternalDisplay
0x00007fff3e875000 	/System/Library/Frameworks/OpenGL.framework/Versions/A/Libraries/libCoreFSCache.dylib
0x00007fff39fb2000 	/System/Library/Frameworks/MetalPerformanceShaders.framework/Frameworks/MPSCore.framework/Versions/A/MPSCore
0x00007fff39ff0000 	/System/Library/Frameworks/MetalPerformanceShaders.framework/Frameworks/MPSImage.framework/Versions/A/MPSImage
0x00007fff3a0b7000 	/System/Library/Frameworks/MetalPerformanceShaders.framework/Frameworks/MPSNeuralNetwork.framework/Versions/A/MPSNeuralNetwork
0x00007fff3a07b000 	/System/Library/Frameworks/MetalPerformanceShaders.framework/Frameworks/MPSMatrix.framework/Versions/A/MPSMatrix
0x00007fff3a216000 	/System/Library/Frameworks/MetalPerformanceShaders.framework/Frameworks/MPSRayIntersector.framework/Versions/A/MPSRayIntersector
0x00007fff3a0a1000 	/System/Library/Frameworks/MetalPerformanceShaders.framework/Frameworks/MPSNDArray.framework/Versions/A/MPSNDArray
0x00007fff5b38d000 	/System/Library/PrivateFrameworks/MetalTools.framework/Versions/A/MetalTools
0x00007fff4751c000 	/System/Library/PrivateFrameworks/AggregateDictionary.framework/Versions/A/AggregateDictionary
0x00007fff4c13b000 	/System/Library/PrivateFrameworks/CoreAnalytics.framework/Versions/A/CoreAnalytics
0x00007fff486a4000 	/System/Library/PrivateFrameworks/AppleSauce.framework/Versions/A/AppleSauce
0x00007fff6b5de000 	/usr/lib/libIOReport.dylib
0x00007fff36967000 	/System/Library/Frameworks/CoreVideo.framework/Versions/A/CoreVideo
0x00007fff5711e000 	/System/Library/PrivateFrameworks/GraphVisualizer.framework/Versions/A/GraphVisualizer
0x00007fff5046e000 	/System/Library/PrivateFrameworks/FaceCore.framework/Versions/A/FaceCore
0x00007fff3de8b000 	/System/Library/Frameworks/OpenCL.framework/Versions/A/OpenCL
0x00007fff6b400000 	/usr/lib/libFosl_dynamic.dylib
0x00007fff5c863000 	/System/Library/PrivateFrameworks/OTSVG.framework/Versions/A/OTSVG
0x00007fff32b1c000 	/System/Library/Frameworks/ApplicationServices.framework/Versions/A/Frameworks/ATS.framework/Versions/A/Resources/libFontRegistry.dylib
0x00007fff510f9000 	/System/Library/PrivateFrameworks/FontServices.framework/libhvf.dylib
0x00007fff3e880000 	/System/Library/Frameworks/OpenGL.framework/Versions/A/Libraries/libGFXShared.dylib
0x00007fff3ea5e000 	/System/Library/Frameworks/OpenGL.framework/Versions/A/Libraries/libGLU.dylib
0x00007fff3e889000 	/System/Library/Frameworks/OpenGL.framework/Versions/A/Libraries/libGL.dylib
0x00007fff3e894000 	/System/Library/Frameworks/OpenGL.framework/Versions/A/Libraries/libGLImage.dylib
0x00007fff3e872000 	/System/Library/Frameworks/OpenGL.framework/Versions/A/Libraries/libCVMSPluginSupport.dylib
0x00007fff3e87b000 	/System/Library/Frameworks/OpenGL.framework/Versions/A/Libraries/libCoreVMClient.dylib
0x00007fff6d072000 	/usr/lib/libncurses.5.4.dylib
0x00007fff32a18000 	/System/Library/Frameworks/ApplicationServices.framework/Versions/A/Frameworks/ATS.framework/Versions/A/ATS
0x00007fff32be5000 	/System/Library/Frameworks/ApplicationServices.framework/Versions/A/Frameworks/ColorSyncLegacy.framework/Versions/A/ColorSyncLegacy
0x00007fff32c83000 	/System/Library/Frameworks/ApplicationServices.framework/Versions/A/Frameworks/HIServices.framework/Versions/A/HIServices
0x00007fff32cdb000 	/System/Library/Frameworks/ApplicationServices.framework/Versions/A/Frameworks/LangAnalysis.framework/Versions/A/LangAnalysis
0x00007fff32cea000 	/System/Library/Frameworks/ApplicationServices.framework/Versions/A/Frameworks/PrintCore.framework/Versions/A/PrintCore
0x00007fff32d30000 	/System/Library/Frameworks/ApplicationServices.framework/Versions/A/Frameworks/QD.framework/Versions/A/QD
0x00007fff32d3b000 	/System/Library/Frameworks/ApplicationServices.framework/Versions/A/Frameworks/SpeechSynthesis.framework/Versions/A/SpeechSynthesis
0x00007fff32bb5000 	/System/Library/Frameworks/ApplicationServices.framework/Versions/A/Frameworks/ATSUI.framework/Versions/A/ATSUI
0x00007fff6c4b6000 	/usr/lib/libcups.2.dylib
0x00007fff39301000 	/System/Library/Frameworks/Kerberos.framework/Versions/A/Kerberos
0x00007fff37443000 	/System/Library/Frameworks/GSS.framework/Versions/A/GSS
0x00007fff6d7f5000 	/usr/lib/libresolv.9.dylib
0x00007fff572cb000 	/System/Library/PrivateFrameworks/Heimdal.framework/Versions/A/Heimdal
0x00007fff39314000 	/System/Library/Frameworks/Kerberos.framework/Versions/A/Libraries/libHeimdalProxy.dylib
0x00007fff6c65d000 	/usr/lib/libheimdal-asn1.dylib
0x00007fff4b5d3000 	/System/Library/PrivateFrameworks/CommonAuth.framework/Versions/A/CommonAuth
0x00007fff48822000 	/System/Library/PrivateFrameworks/AssertionServices.framework/Versions/A/AssertionServices
0x00007fff493c5000 	/System/Library/PrivateFrameworks/AudioToolboxCore.framework/Versions/A/AudioToolboxCore
0x00007fff6847b000 	/System/Library/PrivateFrameworks/caulk.framework/Versions/A/caulk
0x00007fff4998e000 	/System/Library/PrivateFrameworks/BaseBoard.framework/Versions/A/BaseBoard
0x00007fff60ac6000 	/System/Library/PrivateFrameworks/RunningBoardServices.framework/Versions/A/RunningBoardServices
0x00007fff5dad7000 	/System/Library/PrivateFrameworks/PersistentConnection.framework/Versions/A/PersistentConnection
0x00007fff604bf000 	/System/Library/PrivateFrameworks/ProtocolBuffer.framework/Versions/A/ProtocolBuffer
0x00007fff4b5f7000 	/System/Library/PrivateFrameworks/CommonUtilities.framework/Versions/A/CommonUtilities
0x00007fff49b1c000 	/System/Library/PrivateFrameworks/Bom.framework/Versions/A/Bom
0x00007fff6b2b1000 	/usr/lib/libAudioToolboxUtility.dylib
0x00007fff498ec000 	/System/Library/PrivateFrameworks/Backup.framework/Versions/A/Backup
0x00007fff4e6c9000 	/System/Library/PrivateFrameworks/CrashReporterSupport.framework/Versions/A/CrashReporterSupport
0x00007fff62558000 	/System/Library/PrivateFrameworks/Sharing.framework/Versions/A/Sharing
0x00007fff47e30000 	/System/Library/PrivateFrameworks/Apple80211.framework/Versions/A/Apple80211
0x00007fff49609000 	/System/Library/PrivateFrameworks/AuthKit.framework/Versions/A/AuthKit
0x00007fff4e3d6000 	/System/Library/PrivateFrameworks/CoreUtils.framework/Versions/A/CoreUtils
0x00007fff369ac000 	/System/Library/Frameworks/CoreWLAN.framework/Versions/A/CoreWLAN
0x00007fff375d0000 	/System/Library/Frameworks/IOBluetooth.framework/Versions/A/IOBluetooth
0x00007fff5b692000 	/System/Library/PrivateFrameworks/MobileKeyBag.framework/Versions/A/MobileKeyBag
0x00007fff4d1db000 	/System/Library/PrivateFrameworks/CorePhoneNumbers.framework/Versions/A/CorePhoneNumbers
0x00007fff48220000 	/System/Library/PrivateFrameworks/AppleIDAuthSupport.framework/Versions/A/AppleIDAuthSupport
0x00007fff3b302000 	/System/Library/Frameworks/Network.framework/Versions/A/Network
0x00007fff59d60000 	/System/Library/PrivateFrameworks/KeychainCircle.framework/Versions/A/KeychainCircle
0x00007fff343fd000 	/System/Library/Frameworks/CoreBluetooth.framework/Versions/A/CoreBluetooth
0x00007fff645d7000 	/System/Library/PrivateFrameworks/SpeechRecognitionCore.framework/Versions/A/SpeechRecognitionCore
0x0000000109400000 	/Library/Java/JavaVirtualMachines/jdk1.8.0_261.jdk/Contents/Home/jre/lib/server/libjvm.dylib
0x0000000108a6a000 	/Library/Java/JavaVirtualMachines/jdk1.8.0_261.jdk/Contents/Home/jre/lib/libverify.dylib
0x0000000108a7b000 	/Library/Java/JavaVirtualMachines/jdk1.8.0_261.jdk/Contents/Home/jre/lib/libjava.dylib
0x0000000108aaf000 	/Library/Java/JavaVirtualMachines/jdk1.8.0_261.jdk/Contents/Home/jre/lib/libjdwp.dylib
0x0000000108af9000 	/Library/Java/JavaVirtualMachines/jdk1.8.0_261.jdk/Contents/Home/jre/lib/libnpt.dylib
0x0000000108b02000 	/Library/Java/JavaVirtualMachines/jdk1.8.0_261.jdk/Contents/Home/jre/lib/libinstrument.dylib
0x0000000108b71000 	/Library/Java/JavaVirtualMachines/jdk1.8.0_261.jdk/Contents/Home/jre/lib/libzip.dylib
0x0000000108bb6000 	/Library/Java/JavaVirtualMachines/jdk1.8.0_261.jdk/Contents/Home/jre/lib/libdt_socket.dylib

VM Arguments:
jvm_args: -agentlib:jdwp=transport=dt_socket,suspend=y,address=localhost:52313 -javaagent:/Users/renushrestha/eclipse/jee-2020-06/Eclipse.app/Contents/Eclipse/configuration/org.eclipse.osgi/404/0/.cp/lib/javaagent-shaded.jar -Dfile.encoding=UTF-8 
java_command: com.classes.ControlstructuresDemo
java_class_path (initial): /Users/renushrestha/eclipse-workspace/corejava/bin:/Users/renushrestha/eclipse/jee-2020-06/Eclipse.app/Contents/Eclipse/configuration/org.eclipse.osgi/404/0/.cp/lib/javaagent-shaded.jar
Launcher Type: SUN_STANDARD

Environment Variables:
PATH=/usr/bin:/bin:/usr/sbin:/sbin
SHELL=/bin/zsh

Signal Handlers:
SIGSEGV: [libjvm.dylib+0x5a009b], sa_mask[0]=11111111011111110111111111111111, sa_flags=SA_ONSTACK|SA_RESTART|SA_SIGINFO
SIGBUS: [libjvm.dylib+0x5a009b], sa_mask[0]=11111111011111110111111111111111, sa_flags=SA_RESTART|SA_SIGINFO
SIGFPE: [libjvm.dylib+0x490c6d], sa_mask[0]=11111111011111110111111111111111, sa_flags=SA_RESTART|SA_SIGINFO
SIGPIPE: [libjvm.dylib+0x490c6d], sa_mask[0]=11111111011111110111111111111111, sa_flags=SA_RESTART|SA_SIGINFO
SIGXFSZ: [libjvm.dylib+0x490c6d], sa_mask[0]=11111111011111110111111111111111, sa_flags=SA_RESTART|SA_SIGINFO
SIGILL: [libjvm.dylib+0x490c6d], sa_mask[0]=11111111011111110111111111111111, sa_flags=SA_RESTART|SA_SIGINFO
SIGUSR1: SIG_DFL, sa_mask[0]=00000000000000000000000000000000, sa_flags=none
SIGUSR2: [libjvm.dylib+0x491566], sa_mask[0]=00100000000000000000000000000000, sa_flags=SA_RESTART|SA_SIGINFO
SIGHUP: [libjvm.dylib+0x48f775], sa_mask[0]=11111111011111110111111111111111, sa_flags=SA_RESTART|SA_SIGINFO
SIGINT: [libjvm.dylib+0x48f775], sa_mask[0]=11111111011111110111111111111111, sa_flags=SA_RESTART|SA_SIGINFO
SIGTERM: [libjvm.dylib+0x48f775], sa_mask[0]=11111111011111110111111111111111, sa_flags=SA_RESTART|SA_SIGINFO
SIGQUIT: [libjvm.dylib+0x48f775], sa_mask[0]=11111111011111110111111111111111, sa_flags=SA_RESTART|SA_SIGINFO


---------------  S Y S T E M  ---------------

OS:Bsduname:Darwin 19.6.0 Darwin Kernel Version 19.6.0: Sun Jul  5 00:43:10 PDT 2020; root:xnu-6153.141.1~9/RELEASE_X86_64 x86_64
rlimit: STACK 8192k, CORE 0k, NPROC 1392, NOFILE 10240, AS infinity
load average:2.66 2.94 2.22

CPU:total 4 (initial active 4) (2 cores per cpu, 2 threads per core) family 6 model 142 stepping 9, cmov, cx8, fxsr, mmx, sse, sse2, sse3, ssse3, sse4.1, sse4.2, popcnt, avx, avx2, aes, clmul, erms, rtm, 3dnowpref, lzcnt, ht, tsc, tscinvbit, bmi1, bmi2, adx

Memory: 4k page, physical 8388608k(1358736k free)

/proc/meminfo:


vm_info: Java HotSpot(TM) 64-Bit Server VM (25.261-b12) for bsd-amd64 JRE (1.8.0_261-b12), built on Jun 18 2020 06:38:55 by "java_re" with gcc 4.2.1 Compatible Apple LLVM 10.0.0 (clang-1000.11.45.5)

time: Sun Aug 30 11:54:20 2020
timezone: CDT
elapsed time: 753 seconds (0d 0h 12m 33s)

